<?xml version="1.0" encoding="UTF-8"?>
<!-- Generated by org.testng.reporters.JUnitReportReporter -->
<testsuite hostname="TYSS-Chaithra" failures="0" tests="1" name="practiceCRUDwithoutBDD.DeleteProjectTest" time="1.365" errors="0" timestamp="2022-05-05T15:27:19 IST" skipped="0">
  <testcase classname="practiceCRUDwithoutBDD.DeleteProjectTest" name="deleteProject" time="1.365"/>
  <system-out/>
</testsuite> <!-- practiceCRUDwithoutBDD.DeleteProjectTest -->
