<?xml version="1.0" encoding="UTF-8"?>
<!-- Generated by org.testng.reporters.JUnitReportReporter -->
<testsuite hostname="TYSS-Chaithra" failures="0" tests="1" name="parameters.QueryParameterTest" time="2.598" errors="0" timestamp="2022-05-11T12:32:44 IST" skipped="0">
  <testcase classname="parameters.QueryParameterTest" name="queryParameterTest" time="2.598"/>
  <system-out/>
</testsuite> <!-- parameters.QueryParameterTest -->
