<?xml version="1.0" encoding="UTF-8"?>
<!-- Generated by org.testng.reporters.JUnitReportReporter -->
<testsuite hostname="TYSS-Chaithra" failures="0" tests="1" name="practiceCRUDwithBDD.UpdateProjectTest" time="1.547" errors="0" timestamp="2022-05-05T17:22:09 IST" skipped="0">
  <testcase classname="practiceCRUDwithBDD.UpdateProjectTest" name="updateProject" time="1.547"/>
  <system-out/>
</testsuite> <!-- practiceCRUDwithBDD.UpdateProjectTest -->
