<?xml version="1.0" encoding="UTF-8"?>
<!-- Generated by org.testng.reporters.JUnitReportReporter -->
<testsuite hostname="TYSS-Chaithra" failures="0" tests="1" name="authentications.BearerTokenAuthentication" time="4.015" errors="0" timestamp="2022-05-12T12:13:37 IST" skipped="0">
  <testcase classname="authentications.BearerTokenAuthentication" name="bearerTokenTest" time="4.015"/>
  <system-out/>
</testsuite> <!-- authentications.BearerTokenAuthentication -->
