<?xml version="1.0" encoding="UTF-8"?>
<!-- Generated by org.testng.reporters.JUnitReportReporter -->
<testsuite hostname="TYSS-Chaithra" failures="0" tests="1" name="differentWaysToPOST.CreateProjectUisngPOJOClass" time="1.574" errors="0" timestamp="2022-05-09T15:26:41 IST" skipped="0">
  <testcase classname="differentWaysToPOST.CreateProjectUisngPOJOClass" name="createProject" time="1.574"/>
  <system-out/>
</testsuite> <!-- differentWaysToPOST.CreateProjectUisngPOJOClass -->
