<?xml version="1.0" encoding="UTF-8"?>
<!-- Generated by org.testng.reporters.JUnitReportReporter -->
<testsuite hostname="TYSS-Chaithra" failures="0" tests="1" name="responseValidatation.StaticResponseForPost" time="1.990" errors="0" timestamp="2022-05-10T12:17:03 IST" skipped="0">
  <testcase classname="responseValidatation.StaticResponseForPost" name="staticPOst" time="1.990"/>
  <system-out/>
</testsuite> <!-- responseValidatation.StaticResponseForPost -->
