<?xml version="1.0" encoding="UTF-8"?>
<!-- Generated by org.testng.reporters.JUnitReportReporter -->
<testsuite hostname="TYSS-Chaithra" failures="0" tests="1" name="practiceCRUDwithoutBDD.GetAllProjects" time="1.535" errors="0" timestamp="2022-05-05T15:10:03 IST" skipped="0">
  <testcase classname="practiceCRUDwithoutBDD.GetAllProjects" name="getAllProjects" time="1.535"/>
  <system-out/>
</testsuite> <!-- practiceCRUDwithoutBDD.GetAllProjects -->
