<?xml version="1.0" encoding="UTF-8"?>
<!-- Generated by org.testng.reporters.JUnitReportReporter -->
<testsuite hostname="TYSS-Chaithra" failures="0" tests="1" name="differentWaysToPOST.CreateProjectUisngJSONObject" time="1.886" errors="0" timestamp="2022-05-09T14:45:47 IST" skipped="0">
  <testcase classname="differentWaysToPOST.CreateProjectUisngJSONObject" name="createProject" time="1.886"/>
  <system-out/>
</testsuite> <!-- differentWaysToPOST.CreateProjectUisngJSONObject -->
