<?xml version="1.0" encoding="UTF-8"?>
<!-- Generated by org.testng.reporters.JUnitReportReporter -->
<testsuite hostname="TYSS-Chaithra" failures="0" tests="1" name="endToEndScenarioForRMGYANTRA.CreateProjectAndVerifyInDatabaseTest" time="1.498" errors="0" timestamp="2022-05-13T12:29:09 IST" skipped="0">
  <testcase classname="endToEndScenarioForRMGYANTRA.CreateProjectAndVerifyInDatabaseTest" name="createProject" time="1.498"/>
  <system-out/>
</testsuite> <!-- endToEndScenarioForRMGYANTRA.CreateProjectAndVerifyInDatabaseTest -->
