<?xml version="1.0" encoding="UTF-8"?>
<!-- Generated by org.testng.reporters.JUnitReportReporter -->
<testsuite hostname="TYSS-Chaithra" failures="0" tests="1" name="parameters.PathParameter" time="1.356" errors="0" timestamp="2022-05-11T12:26:55 IST" skipped="0">
  <testcase classname="parameters.PathParameter" name="pathParameterTest" time="1.356"/>
  <system-out/>
</testsuite> <!-- parameters.PathParameter -->
