<?xml version="1.0" encoding="UTF-8"?>
<!-- Generated by org.testng.reporters.JUnitReportReporter -->
<testsuite hostname="TYSS-Chaithra" failures="0" tests="1" name="practiceCRUDwithoutBDD.UpdateProjectTest" time="1.552" errors="0" timestamp="2022-05-05T15:24:27 IST" skipped="0">
  <testcase classname="practiceCRUDwithoutBDD.UpdateProjectTest" name="updateProject" time="1.552"/>
  <system-out/>
</testsuite> <!-- practiceCRUDwithoutBDD.UpdateProjectTest -->
