<?xml version="1.0" encoding="UTF-8"?>
<!-- Generated by org.testng.reporters.JUnitReportReporter -->
<testsuite hostname="TYSS-Chaithra" failures="0" tests="1" name="endToEndScenarioForRMGYANTRA.CreateProjectAndVareifyInDBUsingSpecBuilders" time="1.467" errors="0" timestamp="2022-05-13T15:28:19 IST" skipped="0">
  <testcase classname="endToEndScenarioForRMGYANTRA.CreateProjectAndVareifyInDBUsingSpecBuilders" name="createdProject" time="1.467"/>
  <system-out/>
</testsuite> <!-- endToEndScenarioForRMGYANTRA.CreateProjectAndVareifyInDBUsingSpecBuilders -->
