<?xml version="1.0" encoding="UTF-8"?>
<!-- Generated by org.testng.reporters.JUnitReportReporter -->
<testsuite hostname="TYSS-Chaithra" failures="0" tests="1" name="practiceCRUDwithBDD.CreateProjectTest" time="1.558" errors="0" timestamp="2022-05-05T17:02:08 IST" skipped="0">
  <testcase classname="practiceCRUDwithBDD.CreateProjectTest" name="createProject" time="1.558"/>
  <system-out/>
</testsuite> <!-- practiceCRUDwithBDD.CreateProjectTest -->
