<?xml version="1.0" encoding="UTF-8"?>
<!-- Generated by org.testng.reporters.JUnitReportReporter -->
<testsuite hostname="TYSS-Chaithra" failures="0" tests="1" name="differentWaysToPOST.CreateProjectUsingHashMap" time="1.540" errors="0" timestamp="2022-05-09T14:51:28 IST" skipped="0">
  <testcase classname="differentWaysToPOST.CreateProjectUsingHashMap" name="createProject" time="1.540"/>
  <system-out/>
</testsuite> <!-- differentWaysToPOST.CreateProjectUsingHashMap -->
