<?xml version="1.0" encoding="UTF-8"?>
<!-- Generated by org.testng.reporters.JUnitReportReporter -->
<testsuite hostname="TYSS-Chaithra" failures="0" tests="1" name="authentications.Oauth2Authentication" time="4.564" errors="0" timestamp="2022-05-12T16:25:09 IST" skipped="0">
  <testcase classname="authentications.Oauth2Authentication" name="oauth2AuthenticationTest" time="4.564"/>
  <system-out/>
</testsuite> <!-- authentications.Oauth2Authentication -->
