<?xml version="1.0" encoding="UTF-8"?>
<!-- Generated by org.testng.reporters.JUnitReportReporter -->
<testsuite hostname="TYSS-Chaithra" failures="0" tests="1" name="authentications.BasicAuthentication" time="1.530" errors="0" timestamp="2022-05-12T11:59:47 IST" skipped="0">
  <testcase classname="authentications.BasicAuthentication" name="digestiveAuthTest" time="1.530"/>
  <system-out/>
</testsuite> <!-- authentications.BasicAuthentication -->
