<?xml version="1.0" encoding="UTF-8"?>
<!-- Generated by org.testng.reporters.JUnitReportReporter -->
<testsuite hostname="TYSS-Chaithra" failures="0" tests="1" name="practiceCRUDwithBDD.DeleteProjectTest" time="1.306" errors="0" timestamp="2022-05-05T17:24:35 IST" skipped="0">
  <testcase classname="practiceCRUDwithBDD.DeleteProjectTest" name="deleteProject" time="1.306"/>
  <system-out/>
</testsuite> <!-- practiceCRUDwithBDD.DeleteProjectTest -->
