<?xml version="1.0" encoding="UTF-8"?>
<!-- Generated by org.testng.reporters.JUnitReportReporter -->
<testsuite hostname="TYSS-Chaithra" failures="0" tests="1" name="responseValidatation.ResponseTimeValidationUsingHamcrest" time="1.452" errors="0" timestamp="2022-05-11T11:02:10 IST" skipped="0">
  <testcase classname="responseValidatation.ResponseTimeValidationUsingHamcrest" name="responseTimeValidation" time="1.452"/>
  <system-out/>
</testsuite> <!-- responseValidatation.ResponseTimeValidationUsingHamcrest -->
