<?xml version="1.0" encoding="UTF-8"?>
<!-- Generated by org.testng.reporters.JUnitReportReporter -->
<testsuite hostname="TYSS-Chaithra" failures="0" tests="3" name="dataDrivenTestingUisngRestAssured.CreateMutipleProjects" time="2.106" errors="0" timestamp="2022-05-11T11:21:40 IST" skipped="0">
  <testcase classname="dataDrivenTestingUisngRestAssured.CreateMutipleProjects" name="createMultipleProjects" time="0.032"/>
  <system-out/>
  <testcase classname="dataDrivenTestingUisngRestAssured.CreateMutipleProjects" name="createMultipleProjects" time="2.036"/>
  <system-out/>
  <testcase classname="dataDrivenTestingUisngRestAssured.CreateMutipleProjects" name="createMultipleProjects" time="0.038"/>
  <system-out/>
</testsuite> <!-- dataDrivenTestingUisngRestAssured.CreateMutipleProjects -->
