<?xml version="1.0" encoding="UTF-8"?>
<!-- Generated by org.testng.reporters.JUnitReportReporter -->
<testsuite hostname="TYSS-Chaithra" failures="0" tests="1" name="responseValidatation.DynamicResponseValidation" time="1.886" errors="0" timestamp="2022-05-11T10:51:10 IST" skipped="0">
  <testcase classname="responseValidatation.DynamicResponseValidation" name="dynamicResponse" time="1.886"/>
  <system-out/>
</testsuite> <!-- responseValidatation.DynamicResponseValidation -->
