<?xml version="1.0" encoding="UTF-8"?>
<!-- Generated by org.testng.reporters.JUnitReportReporter -->
<testsuite hostname="TYSS-Chaithra" failures="0" tests="1" name="differentWaysToPOST.CreateProjectUisngJSONFile" time="1.387" errors="0" timestamp="2022-05-09T14:59:18 IST" skipped="0">
  <testcase classname="differentWaysToPOST.CreateProjectUisngJSONFile" name="createProject" time="1.387"/>
  <system-out/>
</testsuite> <!-- differentWaysToPOST.CreateProjectUisngJSONFile -->
