<?xml version="1.0" encoding="UTF-8"?>
<!-- Generated by org.testng.reporters.JUnitReportReporter -->
<testsuite hostname="TYSS-Chaithra" failures="0" tests="1" name="practiceCRUDwithBDD.GetAllProjects" time="1.469" errors="0" timestamp="2022-05-11T12:21:37 IST" skipped="0">
  <testcase classname="practiceCRUDwithBDD.GetAllProjects" name="getAllProjects" time="1.469"/>
  <system-out/>
</testsuite> <!-- practiceCRUDwithBDD.GetAllProjects -->
